<?xml version="1.0" encoding="UTF-8"?>
<!-- Generated by org.testng.reporters.JUnitReportReporter -->
<testsuite hostname="HQRITD48N" failures="0" tests="1" name="EPG.EP_Website.AppTest" time="0.007" errors="0" timestamp="2022-08-19T13:07:54 GST" skipped="0">
  <testcase classname="EPG.EP_Website.AppTest" name="shouldAnswerWithTrue" time="0.007"/>
  <system-out/>
</testsuite> <!-- EPG.EP_Website.AppTest -->
