<?xml version="1.0" encoding="UTF-8"?>
<!-- Generated by org.testng.reporters.JUnitReportReporter -->
<testsuite hostname="HQRITD48N" failures="0" tests="1" name="EPG.EP_Website.AppTest" time="11.027" errors="0" timestamp="2022-08-19T16:33:19 GST" skipped="0">
  <testcase classname="EPG.EP_Website.AppTest" name="shouldAnswerWithTrue" time="11.027"/>
  <system-out/>
</testsuite> <!-- EPG.EP_Website.AppTest -->
